2020-05-17 10:04:51,092 ERROR 10804 [-/127.0.0.1/-/6ms GET /api/post] nodejs.ReferenceError: 这个是列表页 is not defined
    at PostController.index (E:\egg学习\eggAPI\app\controller\post.js:7:23)
    at Object.callFn (E:\egg学习\eggAPI\node_modules\egg-core\lib\utils\index.js:44:21)
    at Object.classControllerMiddleware (E:\egg学习\eggAPI\node_modules\egg-core\lib\loader\mixin\controller.js:87:20)
    at Object.callFn (E:\egg学习\eggAPI\node_modules\@eggjs\router\lib\utils.js:12:21)
    at wrappedController (E:\egg学习\eggAPI\node_modules\@eggjs\router\lib\egg_router.js:322:18)
    at dispatch (E:\egg学习\eggAPI\node_modules\koa-compose\index.js:44:32)
    at next (E:\egg学习\eggAPI\node_modules\koa-compose\index.js:45:18)
    at E:\egg学习\eggAPI\node_modules\@eggjs\router\lib\router.js:190:18
    at dispatch (E:\egg学习\eggAPI\node_modules\koa-compose\index.js:44:32)
    at E:\egg学习\eggAPI\node_modules\koa-compose\index.js:36:12

pid: 10804
hostname: HQAQHNYW8CVYH9J

2020-05-17 10:06:18,065 ERROR 10804 [-/127.0.0.1/-/0ms GET /api/post] nodejs.ReferenceError: 这个是列表页 is not defined
    at PostController.index (E:\egg学习\eggAPI\app\controller\post.js:7:23)
    at Object.callFn (E:\egg学习\eggAPI\node_modules\egg-core\lib\utils\index.js:44:21)
    at Object.classControllerMiddleware (E:\egg学习\eggAPI\node_modules\egg-core\lib\loader\mixin\controller.js:87:20)
    at Object.callFn (E:\egg学习\eggAPI\node_modules\@eggjs\router\lib\utils.js:12:21)
    at wrappedController (E:\egg学习\eggAPI\node_modules\@eggjs\router\lib\egg_router.js:322:18)
    at dispatch (E:\egg学习\eggAPI\node_modules\koa-compose\index.js:44:32)
    at next (E:\egg学习\eggAPI\node_modules\koa-compose\index.js:45:18)
    at E:\egg学习\eggAPI\node_modules\@eggjs\router\lib\router.js:190:18
    at dispatch (E:\egg学习\eggAPI\node_modules\koa-compose\index.js:44:32)
    at E:\egg学习\eggAPI\node_modules\koa-compose\index.js:36:12

pid: 10804
hostname: HQAQHNYW8CVYH9J

